This is pdfTeX, Version 3.141592653-2.6-1.40.22 (TeX Live 2021) (preloaded format=pdflatex 2021.6.29)  15 NOV 2021 02:44
entering extended mode
 restricted \write18 enabled.
 file:line:error style messages enabled.
 %&-line parsing enabled.
**"Algoritmi e strutture dati.tex"
(./Algoritmi e strutture dati.tex
LaTeX2e <2020-10-01> patch level 4
L3 programming layer <2021-02-18>
(/usr/local/texlive/2021/texmf-dist/tex/latex/base/article.cls
Document Class: article 2020/04/10 v1.4m Standard LaTeX document class
(/usr/local/texlive/2021/texmf-dist/tex/latex/base/size11.clo
File: size11.clo 2020/04/10 v1.4m Standard LaTeX file (size option)
)
\c@part=\count179
\c@section=\count180
\c@subsection=\count181
\c@subsubsection=\count182
\c@paragraph=\count183
\c@subparagraph=\count184
\c@figure=\count185
\c@table=\count186
\abovecaptionskip=\skip47
\belowcaptionskip=\skip48
\bibindent=\dimen138
)
(/usr/local/texlive/2021/texmf-dist/tex/latex/geometry/geometry.sty
Package: geometry 2020/01/02 v5.9 Page Geometry

(/usr/local/texlive/2021/texmf-dist/tex/latex/graphics/keyval.sty
Package: keyval 2014/10/28 v1.15 key=value parser (DPC)
\KV@toks@=\toks15
)
(/usr/local/texlive/2021/texmf-dist/tex/generic/iftex/ifvtex.sty
Package: ifvtex 2019/10/25 v1.7 ifvtex legacy package. Use iftex instead.

(/usr/local/texlive/2021/texmf-dist/tex/generic/iftex/iftex.sty
Package: iftex 2020/03/06 v1.0d TeX engine tests
))
\Gm@cnth=\count187
\Gm@cntv=\count188
\c@Gm@tempcnt=\count189
\Gm@bindingoffset=\dimen139
\Gm@wd@mp=\dimen140
\Gm@odd@mp=\dimen141
\Gm@even@mp=\dimen142
\Gm@layoutwidth=\dimen143
\Gm@layoutheight=\dimen144
\Gm@layouthoffset=\dimen145
\Gm@layoutvoffset=\dimen146
\Gm@dimlist=\toks16
)
(/usr/local/texlive/2021/texmf-dist/tex/latex/graphics/graphicx.sty
Package: graphicx 2020/09/09 v1.2b Enhanced LaTeX Graphics (DPC,SPQR)

(/usr/local/texlive/2021/texmf-dist/tex/latex/graphics/graphics.sty
Package: graphics 2020/08/30 v1.4c Standard LaTeX Graphics (DPC,SPQR)

(/usr/local/texlive/2021/texmf-dist/tex/latex/graphics/trig.sty
Package: trig 2016/01/03 v1.10 sin cos tan (DPC)
)
(/usr/local/texlive/2021/texmf-dist/tex/latex/graphics-cfg/graphics.cfg
File: graphics.cfg 2016/06/04 v1.11 sample graphics configuration
)
Package graphics Info: Driver file: pdftex.def on input line 105.

(/usr/local/texlive/2021/texmf-dist/tex/latex/graphics-def/pdftex.def
File: pdftex.def 2020/10/05 v1.2a Graphics/color driver for pdftex
))
\Gin@req@height=\dimen147
\Gin@req@width=\dimen148
)
(/usr/local/texlive/2021/texmf-dist/tex/latex/amsfonts/amssymb.sty
Package: amssymb 2013/01/14 v3.01 AMS font symbols

(/usr/local/texlive/2021/texmf-dist/tex/latex/amsfonts/amsfonts.sty
Package: amsfonts 2013/01/14 v3.01 Basic AMSFonts support
\@emptytoks=\toks17
\symAMSa=\mathgroup4
\symAMSb=\mathgroup5
LaTeX Font Info:    Redeclaring math symbol \hbar on input line 98.
LaTeX Font Info:    Overwriting math alphabet `\mathfrak' in version `bold'
(Font)                  U/euf/m/n --> U/euf/b/n on input line 106.
))
(/usr/local/texlive/2021/texmf-dist/tex/latex/l3backend/l3backend-pdftex.def
File: l3backend-pdftex.def 2021-03-18 L3 backend support: PDF output (pdfTeX)
\l__color_backend_stack_int=\count190
\l__pdf_internal_box=\box47
)
(./Algoritmi e strutture dati.aux)
\openout1 = `"Algoritmi e strutture dati.aux"'.

LaTeX Font Info:    Checking defaults for OML/cmm/m/it on input line 20.
LaTeX Font Info:    ... okay on input line 20.
LaTeX Font Info:    Checking defaults for OMS/cmsy/m/n on input line 20.
LaTeX Font Info:    ... okay on input line 20.
LaTeX Font Info:    Checking defaults for OT1/cmr/m/n on input line 20.
LaTeX Font Info:    ... okay on input line 20.
LaTeX Font Info:    Checking defaults for T1/cmr/m/n on input line 20.
LaTeX Font Info:    ... okay on input line 20.
LaTeX Font Info:    Checking defaults for TS1/cmr/m/n on input line 20.
LaTeX Font Info:    ... okay on input line 20.
LaTeX Font Info:    Checking defaults for OMX/cmex/m/n on input line 20.
LaTeX Font Info:    ... okay on input line 20.
LaTeX Font Info:    Checking defaults for U/cmr/m/n on input line 20.
LaTeX Font Info:    ... okay on input line 20.

*geometry* driver: auto-detecting
*geometry* detected driver: pdftex
*geometry* verbose mode - [ preamble ] result:
* driver: pdftex
* paper: letterpaper
* layout: <same size as paper>
* layoutoffset:(h,v)=(0.0pt,0.0pt)
* modes: 
* h-part:(L,W,R)=(92.14519pt, 430.00462pt, 92.14519pt)
* v-part:(T,H,B)=(95.39737pt, 556.47656pt, 143.09605pt)
* \paperwidth=614.295pt
* \paperheight=794.96999pt
* \textwidth=430.00462pt
* \textheight=556.47656pt
* \oddsidemargin=19.8752pt
* \evensidemargin=19.8752pt
* \topmargin=-13.87262pt
* \headheight=12.0pt
* \headsep=25.0pt
* \topskip=11.0pt
* \footskip=30.0pt
* \marginparwidth=59.0pt
* \marginparsep=10.0pt
* \columnsep=10.0pt
* \skip\footins=10.0pt plus 4.0pt minus 2.0pt
* \hoffset=0.0pt
* \voffset=0.0pt
* \mag=1000
* \@twocolumnfalse
* \@twosidefalse
* \@mparswitchfalse
* \@reversemarginfalse
* (1in=72.27pt=25.4mm, 1cm=28.453pt)

(/usr/local/texlive/2021/texmf-dist/tex/context/base/mkii/supp-pdf.mkii
[Loading MPS to PDF converter (version 2006.09.02).]
\scratchcounter=\count191
\scratchdimen=\dimen149
\scratchbox=\box48
\nofMPsegments=\count192
\nofMParguments=\count193
\everyMPshowfont=\toks18
\MPscratchCnt=\count194
\MPscratchDim=\dimen150
\MPnumerator=\count195
\makeMPintoPDFobject=\count196
\everyMPtoPDFconversion=\toks19
) (/usr/local/texlive/2021/texmf-dist/tex/latex/epstopdf-pkg/epstopdf-base.sty
Package: epstopdf-base 2020-01-24 v2.11 Base part for package epstopdf
Package epstopdf-base Info: Redefining graphics rule for `.eps' on input line 4
85.

(/usr/local/texlive/2021/texmf-dist/tex/latex/latexconfig/epstopdf-sys.cfg
File: epstopdf-sys.cfg 2010/07/13 v1.3 Configuration of (r)epstopdf for TeX Liv
e
))
LaTeX Font Info:    Trying to load font information for U+msa on input line 21.


(/usr/local/texlive/2021/texmf-dist/tex/latex/amsfonts/umsa.fd
File: umsa.fd 2013/01/14 v3.01 AMS symbols A
)
LaTeX Font Info:    Trying to load font information for U+msb on input line 21.


(/usr/local/texlive/2021/texmf-dist/tex/latex/amsfonts/umsb.fd
File: umsb.fd 2013/01/14 v3.01 AMS symbols B
)
Overfull \hbox (4.46759pt too wide) in paragraph at lines 32--35
\OT1/cmr/m/n/10.95 - Tempo: ogni istruzione uti-lizza un'unit^^Ra di tempo in-d
ipen-den-te-mente dalla grandezza
 []

[1

{/usr/local/texlive/2021/texmf-var/fonts/map/pdftex/updmap/pdftex.map}]
Underfull \hbox (badness 10000) in paragraph at lines 52--57

 []

<./images//selSort.png, id=13, 483.8075pt x 135.50626pt>
File: ./images//selSort.png Graphic file (type png)
<use ./images//selSort.png>
Package pdftex.def Info: ./images//selSort.png  used on input line 66.
(pdftex.def)             Requested size: 387.04652pt x 108.40514pt.
[2]
LaTeX Font Info:    Trying to load font information for OML+cmr on input line 6
8.
 (/usr/local/texlive/2021/texmf-dist/tex/latex/base/omlcmr.fd
File: omlcmr.fd 2019/12/16 v2.5j Standard LaTeX font definitions
)
LaTeX Font Info:    Font shape `OML/cmr/m/n' in size <10.95> not available
(Font)              Font shape `OML/cmm/m/it' tried instead on input line 68.
<./images//insort.png, id=21, 364.36125pt x 132.495pt>
File: ./images//insort.png Graphic file (type png)
<use ./images//insort.png>
Package pdftex.def Info: ./images//insort.png  used on input line 72.
(pdftex.def)             Requested size: 291.48938pt x 105.99612pt.
<./images//bubsort.png, id=22, 370.38374pt x 145.54375pt>
File: ./images//bubsort.png Graphic file (type png)
<use ./images//bubsort.png>
Package pdftex.def Info: ./images//bubsort.png  used on input line 78.
(pdftex.def)             Requested size: 296.30739pt x 116.43513pt.
 [3 <./images//selSort.png> <./images//insort.png> <./images//bubsort.png>]
<./images//mergsort.png, id=29, 483.8075pt x 146.5475pt>
File: ./images//mergsort.png Graphic file (type png)
<use ./images//mergsort.png>
Package pdftex.def Info: ./images//mergsort.png  used on input line 88.
(pdftex.def)             Requested size: 387.04652pt x 117.23813pt.

Underfull \hbox (badness 10000) in paragraph at lines 90--90

 []

<./images//merge.png, id=30, 483.8075pt x 17.06375pt>
File: ./images//merge.png Graphic file (type png)
<use ./images//merge.png>
Package pdftex.def Info: ./images//merge.png  used on input line 91.
(pdftex.def)             Requested size: 387.04652pt x 13.651pt.
<./images//quicksort.png, id=31, 483.8075pt x 168.63pt>
File: ./images//quicksort.png Graphic file (type png)
<use ./images//quicksort.png>
Package pdftex.def Info: ./images//quicksort.png  used on input line 100.
(pdftex.def)             Requested size: 387.04652pt x 134.90417pt.
[4 <./images//mergsort.png> <./images//merge.png>]
<./images//divide.png, id=37, 308.15125pt x 149.55875pt>
File: ./images//divide.png Graphic file (type png)
<use ./images//divide.png>
Package pdftex.def Info: ./images//divide.png  used on input line 115.
(pdftex.def)             Requested size: 246.52132pt x 119.64716pt.
 [5 <./images//quicksort.png>] [6 <./images//divide.png>] [7]
Underfull \hbox (badness 10000) in paragraph at lines 162--167

 []


Overfull \hbox (3.15964pt too wide) in paragraph at lines 162--167
\OT1/cmr/m/n/10.95 Un dizionario pu^^Ro es-sere an-che im-ple-men-tato uti-liz-
zando collezioni, ovvero strut-ture statiche
 []

<./images//conca.png, id=50, 656.4525pt x 109.40875pt>
File: ./images//conca.png Graphic file (type png)
<use ./images//conca.png>
Package pdftex.def Info: ./images//conca.png  used on input line 176.
(pdftex.def)             Requested size: 459.51361pt x 76.58559pt.

Overfull \hbox (29.50899pt too wide) in paragraph at lines 176--177
 [] 
 []

[8 <./images//conca.png>] [9] [10]
<./images//rossonero.png, id=61, 403.5075pt x 141.52875pt>
File: ./images//rossonero.png Graphic file (type png)
<use ./images//rossonero.png>
Package pdftex.def Info: ./images//rossonero.png  used on input line 238.
(pdftex.def)             Requested size: 322.80644pt x 113.22314pt.
 [11 <./images//rossonero.png>]
<./images//balberi.png, id=66, 718.685pt x 140.525pt>
File: ./images//balberi.png Graphic file (type png)
<use ./images//balberi.png>
Package pdftex.def Info: ./images//balberi.png  used on input line 255.
(pdftex.def)             Requested size: 431.21432pt x 84.31564pt.

Overfull \hbox (1.2097pt too wide) in paragraph at lines 255--256
 [] 
 []

<./images//risistemaheap.png, id=67, 338.26375pt x 242.9075pt>
File: ./images//risistemaheap.png Graphic file (type png)
<use ./images//risistemaheap.png>
Package pdftex.def Info: ./images//risistemaheap.png  used on input line 268.
(pdftex.def)             Requested size: 304.43454pt x 218.61472pt.
[12 <./images//balberi.png>]
<./images//creaheap1.png, id=72, 236.885pt x 103.38625pt>
File: ./images//creaheap1.png Graphic file (type png)
<use ./images//creaheap1.png>
Package pdftex.def Info: ./images//creaheap1.png  used on input line 274.
(pdftex.def)             Requested size: 236.88441pt x 103.38599pt.
<./images//creaheap2.png, id=73, 314.17375pt x 135.50626pt>
File: ./images//creaheap2.png Graphic file (type png)
<use ./images//creaheap2.png>
Package pdftex.def Info: ./images//creaheap2.png  used on input line 280.
(pdftex.def)             Requested size: 314.17297pt x 135.5059pt.
 [13 <./images//risistemaheap.png> <./images//creaheap1.png>]
<./images//heapsort.png, id=80, 483.8075pt x 156.585pt>
File: ./images//heapsort.png Graphic file (type png)
<use ./images//heapsort.png>
Package pdftex.def Info: ./images//heapsort.png  used on input line 292.
(pdftex.def)             Requested size: 387.04652pt x 125.26816pt.

Underfull \hbox (badness 10000) in paragraph at lines 294--297

 []

[14 <./images//creaheap2.png> <./images//heapsort.png>] [15]
(./Algoritmi e strutture dati.aux) ) 
Here is how much of TeX's memory you used:
 2349 strings out of 478994
 33818 string characters out of 5858184
 325299 words of memory out of 5000000
 19835 multiletter control sequences out of 15000+600000
 411829 words of font info for 58 fonts, out of 8000000 for 9000
 1141 hyphenation exceptions out of 8191
 68i,6n,74p,741b,243s stack positions out of 5000i,500n,10000p,200000b,80000s
{/usr/local/texlive/2021/texmf-dist/fonts/e
nc/dvips/cm-super/cm-super-ts1.enc}</usr/local/texlive/2021/texmf-dist/fonts/ty
pe1/public/amsfonts/cm/cmbx10.pfb></usr/local/texlive/2021/texmf-dist/fonts/typ
e1/public/amsfonts/cm/cmbx12.pfb></usr/local/texlive/2021/texmf-dist/fonts/type
1/public/amsfonts/cm/cmmi10.pfb></usr/local/texlive/2021/texmf-dist/fonts/type1
/public/amsfonts/cm/cmr10.pfb></usr/local/texlive/2021/texmf-dist/fonts/type1/p
ublic/amsfonts/cm/cmr12.pfb></usr/local/texlive/2021/texmf-dist/fonts/type1/pub
lic/amsfonts/cm/cmr17.pfb></usr/local/texlive/2021/texmf-dist/fonts/type1/publi
c/amsfonts/cm/cmr8.pfb></usr/local/texlive/2021/texmf-dist/fonts/type1/public/a
msfonts/cm/cmsy10.pfb></usr/local/texlive/2021/texmf-dist/fonts/type1/public/am
sfonts/cm/cmti10.pfb></usr/local/texlive/2021/texmf-dist/fonts/type1/public/cm-
super/sfrm1095.pfb>
Output written on "Algoritmi e strutture dati.pdf" (15 pages, 1051322 bytes).
PDF statistics:
 123 PDF objects out of 1000 (max. 8388607)
 67 compressed objects within 1 object stream
 0 named destinations out of 1000 (max. 500000)
 71 words of extra memory for PDF output out of 10000 (max. 10000000)

