This is pdfTeX, Version 3.141592653-2.6-1.40.22 (TeX Live 2021) (preloaded format=pdflatex 2021.6.29)  16 NOV 2021 09:37
entering extended mode
 restricted \write18 enabled.
 file:line:error style messages enabled.
 %&-line parsing enabled.
**"Sicurezza informatica.tex"
(./Sicurezza informatica.tex
LaTeX2e <2020-10-01> patch level 4
L3 programming layer <2021-02-18>
(/usr/local/texlive/2021/texmf-dist/tex/latex/base/article.cls
Document Class: article 2020/04/10 v1.4m Standard LaTeX document class
(/usr/local/texlive/2021/texmf-dist/tex/latex/base/size11.clo
File: size11.clo 2020/04/10 v1.4m Standard LaTeX file (size option)
)
\c@part=\count179
\c@section=\count180
\c@subsection=\count181
\c@subsubsection=\count182
\c@paragraph=\count183
\c@subparagraph=\count184
\c@figure=\count185
\c@table=\count186
\abovecaptionskip=\skip47
\belowcaptionskip=\skip48
\bibindent=\dimen138
)
(/usr/local/texlive/2021/texmf-dist/tex/latex/geometry/geometry.sty
Package: geometry 2020/01/02 v5.9 Page Geometry

(/usr/local/texlive/2021/texmf-dist/tex/latex/graphics/keyval.sty
Package: keyval 2014/10/28 v1.15 key=value parser (DPC)
\KV@toks@=\toks15
)
(/usr/local/texlive/2021/texmf-dist/tex/generic/iftex/ifvtex.sty
Package: ifvtex 2019/10/25 v1.7 ifvtex legacy package. Use iftex instead.

(/usr/local/texlive/2021/texmf-dist/tex/generic/iftex/iftex.sty
Package: iftex 2020/03/06 v1.0d TeX engine tests
))
\Gm@cnth=\count187
\Gm@cntv=\count188
\c@Gm@tempcnt=\count189
\Gm@bindingoffset=\dimen139
\Gm@wd@mp=\dimen140
\Gm@odd@mp=\dimen141
\Gm@even@mp=\dimen142
\Gm@layoutwidth=\dimen143
\Gm@layoutheight=\dimen144
\Gm@layouthoffset=\dimen145
\Gm@layoutvoffset=\dimen146
\Gm@dimlist=\toks16
)
(/usr/local/texlive/2021/texmf-dist/tex/latex/graphics/graphicx.sty
Package: graphicx 2020/09/09 v1.2b Enhanced LaTeX Graphics (DPC,SPQR)

(/usr/local/texlive/2021/texmf-dist/tex/latex/graphics/graphics.sty
Package: graphics 2020/08/30 v1.4c Standard LaTeX Graphics (DPC,SPQR)

(/usr/local/texlive/2021/texmf-dist/tex/latex/graphics/trig.sty
Package: trig 2016/01/03 v1.10 sin cos tan (DPC)
)
(/usr/local/texlive/2021/texmf-dist/tex/latex/graphics-cfg/graphics.cfg
File: graphics.cfg 2016/06/04 v1.11 sample graphics configuration
)
Package graphics Info: Driver file: pdftex.def on input line 105.

(/usr/local/texlive/2021/texmf-dist/tex/latex/graphics-def/pdftex.def
File: pdftex.def 2020/10/05 v1.2a Graphics/color driver for pdftex
))
\Gin@req@height=\dimen147
\Gin@req@width=\dimen148
)
(/usr/local/texlive/2021/texmf-dist/tex/latex/amsfonts/amssymb.sty
Package: amssymb 2013/01/14 v3.01 AMS font symbols

(/usr/local/texlive/2021/texmf-dist/tex/latex/amsfonts/amsfonts.sty
Package: amsfonts 2013/01/14 v3.01 Basic AMSFonts support
\@emptytoks=\toks17
\symAMSa=\mathgroup4
\symAMSb=\mathgroup5
LaTeX Font Info:    Redeclaring math symbol \hbar on input line 98.
LaTeX Font Info:    Overwriting math alphabet `\mathfrak' in version `bold'
(Font)                  U/euf/m/n --> U/euf/b/n on input line 106.
))
(/usr/local/texlive/2021/texmf-dist/tex/latex/caption/subcaption.sty
Package: subcaption 2020/10/07 v1.3j Sub-captions (AR)

(/usr/local/texlive/2021/texmf-dist/tex/latex/caption/caption.sty
Package: caption 2020/10/26 v3.5g Customizing captions (AR)

(/usr/local/texlive/2021/texmf-dist/tex/latex/caption/caption3.sty
Package: caption3 2020/10/21 v2.2e caption3 kernel (AR)
\captionmargin=\dimen149
\captionmargin@=\dimen150
\captionwidth=\dimen151
\caption@tempdima=\dimen152
\caption@indent=\dimen153
\caption@parindent=\dimen154
\caption@hangindent=\dimen155
Package caption Info: Standard document class detected.
)
\c@caption@flags=\count190
\c@continuedfloat=\count191
)
\c@subfigure=\count192
\c@subtable=\count193
)
(/usr/local/texlive/2021/texmf-dist/tex/latex/float/float.sty
Package: float 2001/11/08 v1.3d Float enhancements (AL)
\c@float@type=\count194
\float@exts=\toks18
\float@box=\box47
\@float@everytoks=\toks19
\@floatcapt=\box48
)
(/usr/local/texlive/2021/texmf-dist/tex/latex/l3backend/l3backend-pdftex.def
File: l3backend-pdftex.def 2021-03-18 L3 backend support: PDF output (pdfTeX)
\l__color_backend_stack_int=\count195
\l__pdf_internal_box=\box49
)
(./Sicurezza informatica.aux)
\openout1 = `"Sicurezza informatica.aux"'.

LaTeX Font Info:    Checking defaults for OML/cmm/m/it on input line 22.
LaTeX Font Info:    ... okay on input line 22.
LaTeX Font Info:    Checking defaults for OMS/cmsy/m/n on input line 22.
LaTeX Font Info:    ... okay on input line 22.
LaTeX Font Info:    Checking defaults for OT1/cmr/m/n on input line 22.
LaTeX Font Info:    ... okay on input line 22.
LaTeX Font Info:    Checking defaults for T1/cmr/m/n on input line 22.
LaTeX Font Info:    ... okay on input line 22.
LaTeX Font Info:    Checking defaults for TS1/cmr/m/n on input line 22.
LaTeX Font Info:    ... okay on input line 22.
LaTeX Font Info:    Checking defaults for OMX/cmex/m/n on input line 22.
LaTeX Font Info:    ... okay on input line 22.
LaTeX Font Info:    Checking defaults for U/cmr/m/n on input line 22.
LaTeX Font Info:    ... okay on input line 22.

*geometry* driver: auto-detecting
*geometry* detected driver: pdftex
*geometry* verbose mode - [ preamble ] result:
* driver: pdftex
* paper: letterpaper
* layout: <same size as paper>
* layoutoffset:(h,v)=(0.0pt,0.0pt)
* modes: 
* h-part:(L,W,R)=(92.14519pt, 430.00462pt, 92.14519pt)
* v-part:(T,H,B)=(95.39737pt, 556.47656pt, 143.09605pt)
* \paperwidth=614.295pt
* \paperheight=794.96999pt
* \textwidth=430.00462pt
* \textheight=556.47656pt
* \oddsidemargin=19.8752pt
* \evensidemargin=19.8752pt
* \topmargin=-13.87262pt
* \headheight=12.0pt
* \headsep=25.0pt
* \topskip=11.0pt
* \footskip=30.0pt
* \marginparwidth=59.0pt
* \marginparsep=10.0pt
* \columnsep=10.0pt
* \skip\footins=10.0pt plus 4.0pt minus 2.0pt
* \hoffset=0.0pt
* \voffset=0.0pt
* \mag=1000
* \@twocolumnfalse
* \@twosidefalse
* \@mparswitchfalse
* \@reversemarginfalse
* (1in=72.27pt=25.4mm, 1cm=28.453pt)

(/usr/local/texlive/2021/texmf-dist/tex/context/base/mkii/supp-pdf.mkii
[Loading MPS to PDF converter (version 2006.09.02).]
\scratchcounter=\count196
\scratchdimen=\dimen156
\scratchbox=\box50
\nofMPsegments=\count197
\nofMParguments=\count198
\everyMPshowfont=\toks20
\MPscratchCnt=\count199
\MPscratchDim=\dimen157
\MPnumerator=\count266
\makeMPintoPDFobject=\count267
\everyMPtoPDFconversion=\toks21
) (/usr/local/texlive/2021/texmf-dist/tex/latex/epstopdf-pkg/epstopdf-base.sty
Package: epstopdf-base 2020-01-24 v2.11 Base part for package epstopdf
Package epstopdf-base Info: Redefining graphics rule for `.eps' on input line 4
85.

(/usr/local/texlive/2021/texmf-dist/tex/latex/latexconfig/epstopdf-sys.cfg
File: epstopdf-sys.cfg 2010/07/13 v1.3 Configuration of (r)epstopdf for TeX Liv
e
))
Package caption Info: Begin \AtBeginDocument code.
Package caption Info: float package is loaded.
Package caption Info: End \AtBeginDocument code.
LaTeX Font Info:    Trying to load font information for U+msa on input line 23.


(/usr/local/texlive/2021/texmf-dist/tex/latex/amsfonts/umsa.fd
File: umsa.fd 2013/01/14 v3.01 AMS symbols A
)
LaTeX Font Info:    Trying to load font information for U+msb on input line 23.


(/usr/local/texlive/2021/texmf-dist/tex/latex/amsfonts/umsb.fd
File: umsb.fd 2013/01/14 v3.01 AMS symbols B
)
<./images//programma.png, id=1, 1383.1675pt x 674.52pt>
File: ./images//programma.png Graphic file (type png)
<use ./images//programma.png>
Package pdftex.def Info: ./images//programma.png  used on input line 24.
(pdftex.def)             Requested size: 414.95345pt x 202.35756pt.

Overfull \hbox (1.94882pt too wide) in paragraph at lines 24--35
[][] 
 []


Underfull \hbox (badness 10000) in paragraph at lines 24--35

 []


Underfull \hbox (badness 10000) in paragraph at lines 24--35

 []


Underfull \hbox (badness 10000) in paragraph at lines 24--35

 []

[1

{/usr/local/texlive/2021/texmf-var/fonts/map/pdftex/updmap/pdftex.map} <./image
s//programma.png>]
<./images//heapstack.jpeg, id=14, 180.675pt x 263.98625pt>
File: ./images//heapstack.jpeg Graphic file (type jpg)
<use ./images//heapstack.jpeg>
Package pdftex.def Info: ./images//heapstack.jpeg  used on input line 36.
(pdftex.def)             Requested size: 90.33727pt x 131.9928pt.

Underfull \hbox (badness 10000) in paragraph at lines 38--39

 []

<./images//memory5.png, id=15, 617.30624pt x 199.74625pt>
File: ./images//memory5.png Graphic file (type png)
<use ./images//memory5.png>
Package pdftex.def Info: ./images//memory5.png  used on input line 40.
(pdftex.def)             Requested size: 308.65236pt x 99.87288pt.
<./images//memory6.png, id=16, 536.0025pt x 413.545pt>
File: ./images//memory6.png Graphic file (type png)
<use ./images//memory6.png>
Package pdftex.def Info: ./images//memory6.png  used on input line 43.
(pdftex.def)             Requested size: 214.3972pt x 165.41505pt.
[2 <./images//heapstack.jpeg> <./images//memory5.png> <./images//memory6.png>]
<./images//memory2.png, id=22, 334.24875pt x 432.61626pt>
File: ./images//memory2.png Graphic file (type png)
<use ./images//memory2.png>
Package pdftex.def Info: ./images//memory2.png  used on input line 48.
(pdftex.def)             Requested size: 167.12396pt x 216.3076pt.
<./images//injcode.png, id=23, 624.3325pt x 237.88875pt>
File: ./images//injcode.png Graphic file (type png)
<use ./images//injcode.png>
Package pdftex.def Info: ./images//injcode.png  used on input line 55.
(pdftex.def)             Requested size: 249.72858pt x 95.15381pt.
<./images//nop.png, id=24, 633.36626pt x 262.9825pt>
File: ./images//nop.png Graphic file (type png)
<use ./images//nop.png>
Package pdftex.def Info: ./images//nop.png  used on input line 70.
(pdftex.def)             Requested size: 171.99922pt x 71.41551pt.
<./images//nopsled.png, id=25, 343.2825pt x 259.97125pt>
File: ./images//nopsled.png Graphic file (type png)
<use ./images//nopsled.png>
Package pdftex.def Info: ./images//nopsled.png  used on input line 74.
(pdftex.def)             Requested size: 171.99922pt x 130.25505pt.

Underfull \hbox (badness 10000) in paragraph at lines 57--79

 []


Underfull \hbox (badness 10000) in paragraph at lines 57--79

 []


Underfull \hbox (badness 10000) in paragraph at lines 57--79

 []

[3 <./images//memory2.png> <./images//injcode.png>] [4 <./images//nop.png> <./i
mages//nopsled.png>]
Underfull \hbox (badness 10000) in paragraph at lines 92--94

 []

<./images//heap.png, id=39, 496.85625pt x 266.9975pt>
File: ./images//heap.png Graphic file (type png)
<use ./images//heap.png>
Package pdftex.def Info: ./images//heap.png  used on input line 95.
(pdftex.def)             Requested size: 298.11604pt x 160.19972pt.
<./images//heap2.png, id=40, 753.81625pt x 257.96375pt>
File: ./images//heap2.png Graphic file (type png)
<use ./images//heap2.png>
Package pdftex.def Info: ./images//heap2.png  used on input line 99.
(pdftex.def)             Requested size: 452.29324pt x 154.77943pt.

Overfull \hbox (22.28862pt too wide) in paragraph at lines 99--100
 [] 
 []

[5 <./images//heap.png> <./images//heap2.png>]
Underfull \hbox (badness 10000) in paragraph at lines 110--119

 []


Underfull \hbox (badness 10000) in paragraph at lines 110--119

 []

<./images//atk1.png, id=46, 806.01125pt x 184.69pt>
File: ./images//atk1.png Graphic file (type png)
<use ./images//atk1.png>
Package pdftex.def Info: ./images//atk1.png  used on input line 120.
(pdftex.def)             Requested size: 483.61047pt x 110.81483pt.

Overfull \hbox (53.60585pt too wide) in paragraph at lines 120--122
 [] 
 []

<./images//atk2.png, id=47, 366.36874pt x 132.495pt>
File: ./images//atk2.png Graphic file (type png)
<use ./images//atk2.png>
Package pdftex.def Info: ./images//atk2.png  used on input line 123.
(pdftex.def)             Requested size: 219.82294pt x 79.49759pt.
[6 <./images//atk1.png> <./images//atk2.png>]
Underfull \hbox (badness 10000) in paragraph at lines 135--138

 []

<./images//dpointer.png, id=54, 589.20125pt x 405.515pt>
File: ./images//dpointer.png Graphic file (type png)
<use ./images//dpointer.png>
Package pdftex.def Info: ./images//dpointer.png  used on input line 139.
(pdftex.def)             Requested size: 353.52347pt x 243.31087pt.

Underfull \hbox (badness 10000) in paragraph at lines 141--143

 []

<./images//usafter.png, id=55, 688.5725pt x 286.06876pt>
File: ./images//usafter.png Graphic file (type png)
<use ./images//usafter.png>
Package pdftex.def Info: ./images//usafter.png  used on input line 144.
(pdftex.def)             Requested size: 413.14668pt x 171.64258pt.
[7 <./images//dpointer.png>]
<./images//usafter2.png, id=61, 463.7325pt x 264.99pt>
File: ./images//usafter2.png Graphic file (type png)
<use ./images//usafter2.png>
Package pdftex.def Info: ./images//usafter2.png  used on input line 149.
(pdftex.def)             Requested size: 278.24164pt x 158.99522pt.

Underfull \hbox (badness 10000) in paragraph at lines 151--153

 []


Underfull \hbox (badness 10000) in paragraph at lines 151--153

 []


Underfull \hbox (badness 10000) in paragraph at lines 151--153

 []


Underfull \hbox (badness 10000) in paragraph at lines 154--162

 []


Underfull \hbox (badness 10000) in paragraph at lines 154--162

 []

[8 <./images//usafter.png> <./images//usafter2.png>]
<./images//canary.png, id=67, 281.05pt x 148.555pt>
File: ./images//canary.png Graphic file (type png)
<use ./images//canary.png>
Package pdftex.def Info: ./images//canary.png  used on input line 169.
(pdftex.def)             Requested size: 168.63129pt x 89.13368pt.
 [9 <./images//canary.png>]
<./images//memsef.png, id=72, 371.3875pt x 257.96375pt>
File: ./images//memsef.png Graphic file (type png)
<use ./images//memsef.png>
Package pdftex.def Info: ./images//memsef.png  used on input line 203.
(pdftex.def)             Requested size: 222.83421pt x 154.77943pt.

Underfull \hbox (badness 10000) in paragraph at lines 207--218

 []


Underfull \hbox (badness 10000) in paragraph at lines 207--218

 []

[10 <./images//memsef.png>]
<./images//sef1.png, id=78, 534.99875pt x 114.4275pt>
File: ./images//sef1.png Graphic file (type png)
<use ./images//sef1.png>
Package pdftex.def Info: ./images//sef1.png  used on input line 237.
(pdftex.def)             Requested size: 215.0023pt x 45.98494pt.
<./images//sef2.png, id=79, 536.0025pt x 77.28876pt>
File: ./images//sef2.png Graphic file (type png)
<use ./images//sef2.png>
Package pdftex.def Info: ./images//sef2.png  used on input line 240.
(pdftex.def)             Requested size: 215.0023pt x 31.00221pt.

Overfull \hbox (2.43332pt too wide) in paragraph at lines 236--242
[]$[]$ $[]$ 
 []

[11]
<./images//tsef.png, id=83, 622.325pt x 173.64874pt>
File: ./images//tsef.png Graphic file (type png)
<use ./images//tsef.png>
Package pdftex.def Info: ./images//tsef.png  used on input line 247.
(pdftex.def)             Requested size: 373.39787pt x 104.19005pt.

Underfull \hbox (badness 10000) in paragraph at lines 249--252

 []

<./images//alice.png, id=84, 646.415pt x 201.75375pt>
File: ./images//alice.png Graphic file (type png)
<use ./images//alice.png>
Package pdftex.def Info: ./images//alice.png  used on input line 253.
(pdftex.def)             Requested size: 387.85199pt x 121.05318pt.
[12 <./images//sef1.png> <./images//sef2.png> <./images//tsef.png> <./images//a
lice.png>]
<./images//pushcanary.png, id=92, 613.29124pt x 322.20375pt>
File: ./images//pushcanary.png Graphic file (type png)
<use ./images//pushcanary.png>
Package pdftex.def Info: ./images//pushcanary.png  used on input line 275.
(pdftex.def)             Requested size: 367.97757pt x 193.32373pt.
 [13]
<./images//values.png, id=98, 550.055pt x 325.215pt>
File: ./images//values.png Graphic file (type png)
<use ./images//values.png>
Package pdftex.def Info: ./images//values.png  used on input line 280.
(pdftex.def)             Requested size: 330.03554pt x 195.1305pt.

Underfull \hbox (badness 10000) in paragraph at lines 289--291

 []

[14 <./images//pushcanary.png> <./images//values.png>]
<./images//libc.png, id=104, 573.14125pt x 631.35875pt>
File: ./images//libc.png Graphic file (type png)
<use ./images//libc.png>
Package pdftex.def Info: ./images//libc.png  used on input line 292.
(pdftex.def)             Requested size: 286.56992pt x 315.6786pt.
 [15 <./images//libc.png>]
<./images//catmouse.png, id=109, 635.37375pt x 488.82625pt>
File: ./images//catmouse.png Graphic file (type png)
<use ./images//catmouse.png>
Package pdftex.def Info: ./images//catmouse.png  used on input line 303.
(pdftex.def)             Requested size: 317.6861pt x 244.41252pt.
<./images//gadget.png, id=110, 190.7125pt x 274.02374pt>
File: ./images//gadget.png Graphic file (type png)
<use ./images//gadget.png>
Package pdftex.def Info: ./images//gadget.png  used on input line 311.
(pdftex.def)             Requested size: 85.9996pt x 123.56459pt.
<./images//gadex.png, id=111, 607.26875pt x 368.37625pt>
File: ./images//gadex.png Graphic file (type png)
<use ./images//gadex.png>
Package pdftex.def Info: ./images//gadex.png  used on input line 315.
(pdftex.def)             Requested size: 215.0023pt x 130.42316pt.

Underfull \hbox (badness 10000) in paragraph at lines 306--317

 []

[16 <./images//catmouse.png>]
Underfull \hbox (badness 10000) in paragraph at lines 324--325

 []

<./images//b1.png, id=116, 218.8175pt x 180.675pt>
File: ./images//b1.png Graphic file (type png)
<use ./images//b1.png>
Package pdftex.def Info: ./images//b1.png  used on input line 333.
(pdftex.def)             Requested size: 171.99922pt x 142.0204pt.
<./images//b2.png, id=117, 435.6275pt x 293.095pt>
File: ./images//b2.png Graphic file (type png)
<use ./images//b2.png>
Package pdftex.def Info: ./images//b2.png  used on input line 336.
(pdftex.def)             Requested size: 344.005pt x 231.44858pt.

Overfull \hbox (88.43294pt too wide) in paragraph at lines 332--338
[]$[]$ $[]$ 
 []


Underfull \hbox (badness 10000) in paragraph at lines 326--338

 []

[17 <./images//gadget.png> <./images//gadex.png>]
<./images//socket.png, id=123, 487.8225pt x 442.65375pt>
File: ./images//socket.png Graphic file (type png)
<use ./images//socket.png>
Package pdftex.def Info: ./images//socket.png  used on input line 347.
(pdftex.def)             Requested size: 243.91064pt x 221.32632pt.
 [18 <./images//b1.png> <./images//b2.png>]
<./images//cattack.png, id=129, 499.8675pt x 226.8475pt>
File: ./images//cattack.png Graphic file (type png)
<use ./images//cattack.png>
Package pdftex.def Info: ./images//cattack.png  used on input line 354.
(pdftex.def)             Requested size: 249.93314pt x 113.42346pt.
 [19 <./images//socket.png> <./images//cattack.png>]
<./images//gadg.png, id=136, 338.26375pt x 111.41624pt>
File: ./images//gadg.png Graphic file (type png)
<use ./images//gadg.png>
Package pdftex.def Info: ./images//gadg.png  used on input line 361.
(pdftex.def)             Requested size: 169.13145pt x 55.70798pt.
<./images//cgadg.png, id=137, 619.31375pt x 391.4625pt>
File: ./images//cgadg.png Graphic file (type png)
<use ./images//cgadg.png>
Package pdftex.def Info: ./images//cgadg.png  used on input line 367.
(pdftex.def)             Requested size: 309.65611pt x 195.73076pt.
<./images//popstore.png, id=138, 539.01375pt x 379.4175pt>
File: ./images//popstore.png Graphic file (type png)
<use ./images//popstore.png>
Package pdftex.def Info: ./images//popstore.png  used on input line 371.
(pdftex.def)             Requested size: 215.60167pt x 151.7643pt.
 [20 <./images//gadg.png> <./images//cgadg.png>]
<./images//plt.png, id=144, 534.99875pt x 347.2975pt>
File: ./images//plt.png Graphic file (type png)
<use ./images//plt.png>
Package pdftex.def Info: ./images//plt.png  used on input line 376.
(pdftex.def)             Requested size: 213.9957pt x 138.91653pt.

Underfull \hbox (badness 10000) in paragraph at lines 378--379

 []

<./images//cfi.png, id=145, 540.0175pt x 292.09125pt>
File: ./images//cfi.png Graphic file (type png)
<use ./images//cfi.png>
Package pdftex.def Info: ./images//cfi.png  used on input line 385.
(pdftex.def)             Requested size: 216.00316pt x 116.83441pt.
[21 <./images//popstore.png> <./images//plt.png>]
Underfull \hbox (badness 10000) in paragraph at lines 392--398

 []


Underfull \hbox (badness 10000) in paragraph at lines 392--398

 []

[22 <./images//cfi.png>] (./Sicurezza informatica.aux) ) 
Here is how much of TeX's memory you used:
 3854 strings out of 478994
 62223 string characters out of 5858184
 350467 words of memory out of 5000000
 21326 multiletter control sequences out of 15000+600000
 412128 words of font info for 59 fonts, out of 8000000 for 9000
 1141 hyphenation exceptions out of 8191
 69i,8n,77p,594b,426s stack positions out of 5000i,500n,10000p,200000b,80000s
{/usr/local/texlive/202
1/texmf-dist/fonts/enc/dvips/cm-super/cm-super-ts1.enc}</usr/local/texlive/2021
/texmf-dist/fonts/type1/public/amsfonts/cm/cmbx10.pfb></usr/local/texlive/2021/
texmf-dist/fonts/type1/public/amsfonts/cm/cmbx12.pfb></usr/local/texlive/2021/t
exmf-dist/fonts/type1/public/amsfonts/cm/cmmi10.pfb></usr/local/texlive/2021/te
xmf-dist/fonts/type1/public/amsfonts/cm/cmr10.pfb></usr/local/texlive/2021/texm
f-dist/fonts/type1/public/amsfonts/cm/cmr12.pfb></usr/local/texlive/2021/texmf-
dist/fonts/type1/public/amsfonts/cm/cmr17.pfb></usr/local/texlive/2021/texmf-di
st/fonts/type1/public/amsfonts/cm/cmr8.pfb></usr/local/texlive/2021/texmf-dist/
fonts/type1/public/amsfonts/cm/cmr9.pfb></usr/local/texlive/2021/texmf-dist/fon
ts/type1/public/amsfonts/cm/cmsy10.pfb></usr/local/texlive/2021/texmf-dist/font
s/type1/public/amsfonts/cm/cmti10.pfb></usr/local/texlive/2021/texmf-dist/fonts
/type1/public/cm-super/sfrm1095.pfb>
Output written on "Sicurezza informatica.pdf" (22 pages, 10768277 bytes).
PDF statistics:
 192 PDF objects out of 1000 (max. 8388607)
 85 compressed objects within 1 object stream
 0 named destinations out of 1000 (max. 500000)
 181 words of extra memory for PDF output out of 10000 (max. 10000000)

