This is pdfTeX, Version 3.141592653-2.6-1.40.22 (TeX Live 2021) (preloaded format=pdflatex 2021.6.29)  12 NOV 2021 17:21
entering extended mode
 restricted \write18 enabled.
 file:line:error style messages enabled.
 %&-line parsing enabled.
**Crittografia.tex
(./Crittografia.tex
LaTeX2e <2020-10-01> patch level 4
L3 programming layer <2021-02-18>
(/usr/local/texlive/2021/texmf-dist/tex/latex/base/article.cls
Document Class: article 2020/04/10 v1.4m Standard LaTeX document class
(/usr/local/texlive/2021/texmf-dist/tex/latex/base/size11.clo
File: size11.clo 2020/04/10 v1.4m Standard LaTeX file (size option)
)
\c@part=\count179
\c@section=\count180
\c@subsection=\count181
\c@subsubsection=\count182
\c@paragraph=\count183
\c@subparagraph=\count184
\c@figure=\count185
\c@table=\count186
\abovecaptionskip=\skip47
\belowcaptionskip=\skip48
\bibindent=\dimen138
)
(/usr/local/texlive/2021/texmf-dist/tex/latex/geometry/geometry.sty
Package: geometry 2020/01/02 v5.9 Page Geometry

(/usr/local/texlive/2021/texmf-dist/tex/latex/graphics/keyval.sty
Package: keyval 2014/10/28 v1.15 key=value parser (DPC)
\KV@toks@=\toks15
)
(/usr/local/texlive/2021/texmf-dist/tex/generic/iftex/ifvtex.sty
Package: ifvtex 2019/10/25 v1.7 ifvtex legacy package. Use iftex instead.

(/usr/local/texlive/2021/texmf-dist/tex/generic/iftex/iftex.sty
Package: iftex 2020/03/06 v1.0d TeX engine tests
))
\Gm@cnth=\count187
\Gm@cntv=\count188
\c@Gm@tempcnt=\count189
\Gm@bindingoffset=\dimen139
\Gm@wd@mp=\dimen140
\Gm@odd@mp=\dimen141
\Gm@even@mp=\dimen142
\Gm@layoutwidth=\dimen143
\Gm@layoutheight=\dimen144
\Gm@layouthoffset=\dimen145
\Gm@layoutvoffset=\dimen146
\Gm@dimlist=\toks16
)
(/usr/local/texlive/2021/texmf-dist/tex/latex/graphics/graphicx.sty
Package: graphicx 2020/09/09 v1.2b Enhanced LaTeX Graphics (DPC,SPQR)

(/usr/local/texlive/2021/texmf-dist/tex/latex/graphics/graphics.sty
Package: graphics 2020/08/30 v1.4c Standard LaTeX Graphics (DPC,SPQR)

(/usr/local/texlive/2021/texmf-dist/tex/latex/graphics/trig.sty
Package: trig 2016/01/03 v1.10 sin cos tan (DPC)
)
(/usr/local/texlive/2021/texmf-dist/tex/latex/graphics-cfg/graphics.cfg
File: graphics.cfg 2016/06/04 v1.11 sample graphics configuration
)
Package graphics Info: Driver file: pdftex.def on input line 105.

(/usr/local/texlive/2021/texmf-dist/tex/latex/graphics-def/pdftex.def
File: pdftex.def 2020/10/05 v1.2a Graphics/color driver for pdftex
))
\Gin@req@height=\dimen147
\Gin@req@width=\dimen148
)
(/usr/local/texlive/2021/texmf-dist/tex/latex/amsfonts/amssymb.sty
Package: amssymb 2013/01/14 v3.01 AMS font symbols

(/usr/local/texlive/2021/texmf-dist/tex/latex/amsfonts/amsfonts.sty
Package: amsfonts 2013/01/14 v3.01 Basic AMSFonts support
\@emptytoks=\toks17
\symAMSa=\mathgroup4
\symAMSb=\mathgroup5
LaTeX Font Info:    Redeclaring math symbol \hbar on input line 98.
LaTeX Font Info:    Overwriting math alphabet `\mathfrak' in version `bold'
(Font)                  U/euf/m/n --> U/euf/b/n on input line 106.
))
(/usr/local/texlive/2021/texmf-dist/tex/latex/caption/caption.sty
Package: caption 2020/10/26 v3.5g Customizing captions (AR)

(/usr/local/texlive/2021/texmf-dist/tex/latex/caption/caption3.sty
Package: caption3 2020/10/21 v2.2e caption3 kernel (AR)
\captionmargin=\dimen149
\captionmargin@=\dimen150
\captionwidth=\dimen151
\caption@tempdima=\dimen152
\caption@indent=\dimen153
\caption@parindent=\dimen154
\caption@hangindent=\dimen155
Package caption Info: Standard document class detected.
)
\c@caption@flags=\count190
\c@continuedfloat=\count191
)
(/usr/local/texlive/2021/texmf-dist/tex/latex/caption/subcaption.sty
Package: subcaption 2020/10/07 v1.3j Sub-captions (AR)
\c@subfigure=\count192
\c@subtable=\count193
)
(/usr/local/texlive/2021/texmf-dist/tex/latex/float/float.sty
Package: float 2001/11/08 v1.3d Float enhancements (AL)
\c@float@type=\count194
\float@exts=\toks18
\float@box=\box47
\@float@everytoks=\toks19
\@floatcapt=\box48
)
(/usr/local/texlive/2021/texmf-dist/tex/latex/l3backend/l3backend-pdftex.def
File: l3backend-pdftex.def 2021-03-18 L3 backend support: PDF output (pdfTeX)
\l__color_backend_stack_int=\count195
\l__pdf_internal_box=\box49
)
(./Crittografia.aux)
\openout1 = `Crittografia.aux'.

LaTeX Font Info:    Checking defaults for OML/cmm/m/it on input line 22.
LaTeX Font Info:    ... okay on input line 22.
LaTeX Font Info:    Checking defaults for OMS/cmsy/m/n on input line 22.
LaTeX Font Info:    ... okay on input line 22.
LaTeX Font Info:    Checking defaults for OT1/cmr/m/n on input line 22.
LaTeX Font Info:    ... okay on input line 22.
LaTeX Font Info:    Checking defaults for T1/cmr/m/n on input line 22.
LaTeX Font Info:    ... okay on input line 22.
LaTeX Font Info:    Checking defaults for TS1/cmr/m/n on input line 22.
LaTeX Font Info:    ... okay on input line 22.
LaTeX Font Info:    Checking defaults for OMX/cmex/m/n on input line 22.
LaTeX Font Info:    ... okay on input line 22.
LaTeX Font Info:    Checking defaults for U/cmr/m/n on input line 22.
LaTeX Font Info:    ... okay on input line 22.

*geometry* driver: auto-detecting
*geometry* detected driver: pdftex
*geometry* verbose mode - [ preamble ] result:
* driver: pdftex
* paper: letterpaper
* layout: <same size as paper>
* layoutoffset:(h,v)=(0.0pt,0.0pt)
* modes: 
* h-part:(L,W,R)=(92.14519pt, 430.00462pt, 92.14519pt)
* v-part:(T,H,B)=(95.39737pt, 556.47656pt, 143.09605pt)
* \paperwidth=614.295pt
* \paperheight=794.96999pt
* \textwidth=430.00462pt
* \textheight=556.47656pt
* \oddsidemargin=19.8752pt
* \evensidemargin=19.8752pt
* \topmargin=-13.87262pt
* \headheight=12.0pt
* \headsep=25.0pt
* \topskip=11.0pt
* \footskip=30.0pt
* \marginparwidth=59.0pt
* \marginparsep=10.0pt
* \columnsep=10.0pt
* \skip\footins=10.0pt plus 4.0pt minus 2.0pt
* \hoffset=0.0pt
* \voffset=0.0pt
* \mag=1000
* \@twocolumnfalse
* \@twosidefalse
* \@mparswitchfalse
* \@reversemarginfalse
* (1in=72.27pt=25.4mm, 1cm=28.453pt)

(/usr/local/texlive/2021/texmf-dist/tex/context/base/mkii/supp-pdf.mkii
[Loading MPS to PDF converter (version 2006.09.02).]
\scratchcounter=\count196
\scratchdimen=\dimen156
\scratchbox=\box50
\nofMPsegments=\count197
\nofMParguments=\count198
\everyMPshowfont=\toks20
\MPscratchCnt=\count199
\MPscratchDim=\dimen157
\MPnumerator=\count266
\makeMPintoPDFobject=\count267
\everyMPtoPDFconversion=\toks21
) (/usr/local/texlive/2021/texmf-dist/tex/latex/epstopdf-pkg/epstopdf-base.sty
Package: epstopdf-base 2020-01-24 v2.11 Base part for package epstopdf
Package epstopdf-base Info: Redefining graphics rule for `.eps' on input line 4
85.

(/usr/local/texlive/2021/texmf-dist/tex/latex/latexconfig/epstopdf-sys.cfg
File: epstopdf-sys.cfg 2010/07/13 v1.3 Configuration of (r)epstopdf for TeX Liv
e
))
Package caption Info: Begin \AtBeginDocument code.
Package caption Info: float package is loaded.
Package caption Info: End \AtBeginDocument code.
LaTeX Font Info:    Trying to load font information for U+msa on input line 23.


(/usr/local/texlive/2021/texmf-dist/tex/latex/amsfonts/umsa.fd
File: umsa.fd 2013/01/14 v3.01 AMS symbols A
)
LaTeX Font Info:    Trying to load font information for U+msb on input line 23.


(/usr/local/texlive/2021/texmf-dist/tex/latex/amsfonts/umsb.fd
File: umsb.fd 2013/01/14 v3.01 AMS symbols B
)

LaTeX Warning: No \author given.

<./images//vig.png, id=1, 459.7175pt x 490.83376pt>
File: ./images//vig.png Graphic file (type png)
<use ./images//vig.png>
Package pdftex.def Info: ./images//vig.png  used on input line 63.
(pdftex.def)             Requested size: 183.88373pt x 196.33002pt.

Underfull \hbox (badness 10000) in paragraph at lines 37--66

 []


Underfull \hbox (badness 10000) in paragraph at lines 37--66

 []


Underfull \hbox (badness 10000) in paragraph at lines 37--66

 []


Underfull \hbox (badness 10000) in paragraph at lines 37--66

 []


Underfull \hbox (badness 10000) in paragraph at lines 37--66

 []


Underfull \hbox (badness 10000) in paragraph at lines 37--66

 []


Underfull \hbox (badness 10000) in paragraph at lines 37--66

 []


Underfull \hbox (badness 10000) in paragraph at lines 37--66

 []

[1

{/usr/local/texlive/2021/texmf-var/fonts/map/pdftex/updmap/pdftex.map}]
[2]
<./images//chiave.png, id=19, 118.4425pt x 73.27374pt>
File: ./images//chiave.png Graphic file (type png)
<use ./images//chiave.png>
Package pdftex.def Info: ./images//chiave.png  used on input line 69.
(pdftex.def)             Requested size: 82.90916pt x 51.29124pt.
<./images//freq.png, id=20, 350.30875pt x 63.23625pt>
File: ./images//freq.png Graphic file (type png)
<use ./images//freq.png>
Package pdftex.def Info: ./images//freq.png  used on input line 74.
(pdftex.def)             Requested size: 245.21445pt x 44.26506pt.

Underfull \hbox (badness 10000) in paragraph at lines 76--80

 []


Underfull \hbox (badness 10000) in paragraph at lines 76--80

 []


Underfull \hbox (badness 10000) in paragraph at lines 76--80

 []

[3 <./images//vig.png> <./images//chiave.png> <./images//freq.png>]
<./images//playfair.png, id=28, 358.33875pt x 275.0275pt>
File: ./images//playfair.png Graphic file (type png)
<use ./images//playfair.png>
Package pdftex.def Info: ./images//playfair.png  used on input line 81.
(pdftex.def)             Requested size: 179.16893pt x 137.51341pt.
<./images//playfair2.png, id=29, 539.01375pt x 272.01625pt>
File: ./images//playfair2.png Graphic file (type png)
<use ./images//playfair2.png>
Package pdftex.def Info: ./images//playfair2.png  used on input line 86.
(pdftex.def)             Requested size: 269.50621pt x 136.00778pt.
<./images//adfgx.png, id=30, 154.5775pt x 191.71625pt>
File: ./images//adfgx.png Graphic file (type png)
<use ./images//adfgx.png>
Package pdftex.def Info: ./images//adfgx.png  used on input line 98.
(pdftex.def)             Requested size: 171.99922pt x 213.34288pt.
<./images//word.png, id=31, 411.5375pt x 75.28125pt>
File: ./images//word.png Graphic file (type png)
<use ./images//word.png>
Package pdftex.def Info: ./images//word.png  used on input line 102.
(pdftex.def)             Requested size: 258.00539pt x 47.19653pt.

Overfull \hbox (2.43332pt too wide) in paragraph at lines 97--104
[]$[]$  $[]$ 
 []


Underfull \hbox (badness 10000) in paragraph at lines 90--104

 []

[4 <./images//playfair.png> <./images//playfair2.png>]
<./images//pre.png, id=37, 92.345pt x 137.51375pt>
File: ./images//pre.png Graphic file (type png)
<use ./images//pre.png>
Package pdftex.def Info: ./images//pre.png  used on input line 108.
(pdftex.def)             Requested size: 85.9996pt x 128.06482pt.
<./images//adfgx2.png, id=38, 246.9225pt x 22.0825pt>
File: ./images//adfgx2.png Graphic file (type png)
<use ./images//adfgx2.png>
Package pdftex.def Info: ./images//adfgx2.png  used on input line 112.
(pdftex.def)             Requested size: 215.0023pt x 19.22777pt.
<./images//post.png, id=39, 96.36pt x 137.51375pt>
File: ./images//post.png Graphic file (type png)
<use ./images//post.png>
Package pdftex.def Info: ./images//post.png  used on input line 117.
(pdftex.def)             Requested size: 85.9996pt x 122.72887pt.

Underfull \hbox (badness 10000) in paragraph at lines 120--121

 []


Underfull \hbox (badness 10000) in paragraph at lines 120--121

 []

[5 <./images//adfgx.png> <./images//word.png> <./images//pre.png> <./images//ad
fgx2.png> <./images//post.png>]
<./images//DES.png, id=48, 420.57124pt x 512.91624pt>
File: ./images//DES.png Graphic file (type png)
<use ./images//DES.png>
Package pdftex.def Info: ./images//DES.png  used on input line 129.
(pdftex.def)             Requested size: 171.99922pt x 209.76482pt.
<./images//DES2.png, id=49, 216.81pt x 207.77625pt>
File: ./images//DES2.png Graphic file (type png)
<use ./images//DES2.png>
Package pdftex.def Info: ./images//DES2.png  used on input line 134.
(pdftex.def)             Requested size: 171.99922pt x 164.84209pt.

Underfull \hbox (badness 10000) in paragraph at lines 138--141

 []

[6 <./images//DES.png> <./images//DES2.png>]
<./images//feistel.png, id=57, 526.96875pt x 381.425pt>
File: ./images//feistel.png Graphic file (type png)
<use ./images//feistel.png>
Package pdftex.def Info: ./images//feistel.png  used on input line 142.
(pdftex.def)             Requested size: 210.78375pt x 152.56729pt.
<./images//sbox.png, id=58, 449.68pt x 170.6375pt>
File: ./images//sbox.png Graphic file (type png)
<use ./images//sbox.png>
Package pdftex.def Info: ./images//sbox.png  used on input line 151.
(pdftex.def)             Requested size: 314.77385pt x 119.44542pt.
 [7 <./images//feistel.png> <./images//sbox.png>]
<./images//sbox1.png, id=65, 449.68pt x 165.61874pt>
File: ./images//sbox1.png Graphic file (type png)
<use ./images//sbox1.png>
Package pdftex.def Info: ./images//sbox1.png  used on input line 156.
(pdftex.def)             Requested size: 359.74448pt x 132.49516pt.
<./images//sbox2.png, id=66, 457.71pt x 181.67876pt>
File: ./images//sbox2.png Graphic file (type png)
<use ./images//sbox2.png>
Package pdftex.def Info: ./images//sbox2.png  used on input line 162.
(pdftex.def)             Requested size: 366.1685pt x 145.34319pt.
<./images//k1.png, id=67, 313.17pt x 555.07375pt>
File: ./images//k1.png Graphic file (type png)
<use ./images//k1.png>
Package pdftex.def Info: ./images//k1.png  used on input line 167.
(pdftex.def)             Requested size: 187.90344pt x 333.0468pt.
 [8 <./images//sbox1.png> <./images//sbox2.png>]
Underfull \hbox (badness 10000) in paragraph at lines 169--173

 []

<./images//des3.png, id=73, 549.05125pt x 396.48125pt>
File: ./images//des3.png Graphic file (type png)
<use ./images//des3.png>
Package pdftex.def Info: ./images//des3.png  used on input line 174.
(pdftex.def)             Requested size: 274.52495pt x 198.24013pt.
[9 <./images//k1.png>]

LaTeX Warning: Command \textdegree invalid in math mode on input line 185.


LaTeX Warning: Command \textdegree invalid in math mode on input line 185.

Missing character: There is no ° in font cmr10!

LaTeX Warning: Command \textdegree invalid in math mode on input line 185.


LaTeX Warning: Command \textdegree invalid in math mode on input line 185.

Missing character: There is no ° in font cmr10!

LaTeX Warning: Command \textdegree invalid in math mode on input line 185.


LaTeX Warning: Command \textdegree invalid in math mode on input line 185.

Missing character: There is no ° in font cmr10!

Underfull \hbox (badness 10000) in paragraph at lines 180--190

 []


Underfull \hbox (badness 10000) in paragraph at lines 180--190

 []

[10 <./images//des3.png>]
<./images//ssbox.png, id=84, 419.5675pt x 366.36874pt>
File: ./images//ssbox.png Graphic file (type png)
<use ./images//ssbox.png>
Package pdftex.def Info: ./images//ssbox.png  used on input line 195.
(pdftex.def)             Requested size: 209.78323pt x 183.18391pt.

Underfull \hbox (badness 10000) in paragraph at lines 197--203

 []


Underfull \hbox (badness 10000) in paragraph at lines 197--203

 []


Underfull \hbox (badness 10000) in paragraph at lines 207--211

 []


Underfull \hbox (badness 10000) in paragraph at lines 212--219

 []

[11 <./images//ssbox.png>]
<./images//ecb.png, id=89, 362.35374pt x 222.8325pt>
File: ./images//ecb.png Graphic file (type png)
<use ./images//ecb.png>
Package pdftex.def Info: ./images//ecb.png  used on input line 220.
(pdftex.def)             Requested size: 253.64589pt x 155.98167pt.
<./images//cbc.png, id=90, 336.25626pt x 233.87375pt>
File: ./images//cbc.png Graphic file (type png)
<use ./images//cbc.png>
Package pdftex.def Info: ./images//cbc.png  used on input line 226.
(pdftex.def)             Requested size: 235.37776pt x 163.71048pt.
 [12 <./images//ecb.png>]
<./images//cfb.png, id=95, 394.47375pt x 253.94875pt>
File: ./images//cfb.png Graphic file (type png)
<use ./images//cfb.png>
Package pdftex.def Info: ./images//cfb.png  used on input line 235.
(pdftex.def)             Requested size: 276.12973pt x 177.76291pt.
 [13 <./images//cbc.png> <./images//cfb.png>]
<./images//ofb.png, id=102, 408.52625pt x 270.00874pt>
File: ./images//ofb.png Graphic file (type png)
<use ./images//ofb.png>
Package pdftex.def Info: ./images//ofb.png  used on input line 243.
(pdftex.def)             Requested size: 285.96642pt x 189.00482pt.
<./images//ctr.png, id=103, 338.26375pt x 214.8025pt>
File: ./images//ctr.png Graphic file (type png)
<use ./images//ctr.png>
Package pdftex.def Info: ./images//ctr.png  used on input line 249.
(pdftex.def)             Requested size: 236.78299pt x 150.36072pt.
 [14 <./images//ofb.png>]
Underfull \hbox (badness 10000) in paragraph at lines 255--258

 []


Underfull \hbox (badness 10000) in paragraph at lines 261--266

 []

[15 <./images//ctr.png>]
Underfull \hbox (badness 10000) in paragraph at lines 284--287

 []

<./images//AES.png, id=112, 340.27126pt x 633.36626pt>
File: ./images//AES.png Graphic file (type png)
<use ./images//AES.png>
Package pdftex.def Info: ./images//AES.png  used on input line 293.
(pdftex.def)             Requested size: 136.10608pt x 253.34201pt.
[16]
Underfull \hbox (badness 10000) in paragraph at lines 295--299

 []

<./images//aesbox.png, id=117, 392.46625pt x 199.74625pt>
File: ./images//aesbox.png Graphic file (type png)
<use ./images//aesbox.png>
Package pdftex.def Info: ./images//aesbox.png  used on input line 303.
(pdftex.def)             Requested size: 156.9837pt x 79.89708pt.
[17 <./images//AES.png> <./images//aesbox.png>]
Underfull \hbox (badness 10000) in paragraph at lines 314--321

 []

<./images//sbox3.jpeg, id=123, 823.075pt x 534.99875pt>
File: ./images//sbox3.jpeg Graphic file (type jpg)
<use ./images//sbox3.jpeg>
Package pdftex.def Info: ./images//sbox3.jpeg  used on input line 322.
(pdftex.def)             Requested size: 246.9244pt x 160.50085pt.

Underfull \hbox (badness 10000) in paragraph at lines 328--332

 []


Underfull \hbox (badness 10000) in paragraph at lines 328--332

 []

[18 <./images//sbox3.jpeg>]
<./images//aesxts.png, id=127, 469.755pt x 586.19pt>
File: ./images//aesxts.png Graphic file (type png)
<use ./images//aesxts.png>
Package pdftex.def Info: ./images//aesxts.png  used on input line 335.
(pdftex.def)             Requested size: 187.89867pt x 234.47185pt.

Underfull \hbox (badness 10000) in paragraph at lines 337--341

 []


Underfull \hbox (badness 10000) in paragraph at lines 337--341

 []

[19 <./images//aesxts.png>]
<./images//cpo.png, id=133, 464.73625pt x 618.31pt>
File: ./images//cpo.png Graphic file (type png)
<use ./images//cpo.png>
Package pdftex.def Info: ./images//cpo.png  used on input line 352.
(pdftex.def)             Requested size: 171.99922pt x 228.83716pt.
<./images//cpo-1.png, id=134, 481.8pt x 656.4525pt>
File: ./images//cpo-1.png Graphic file (type png)
<use ./images//cpo-1.png>
Package pdftex.def Info: ./images//cpo-1.png  used on input line 357.
(pdftex.def)             Requested size: 171.99922pt x 234.34944pt.
<./images//active.png, id=135, 691.58376pt x 311.1625pt>
File: ./images//active.png Graphic file (type png)
<use ./images//active.png>
Package pdftex.def Info: ./images//active.png  used on input line 373.
(pdftex.def)             Requested size: 276.6286pt x 124.46278pt.
 [20 <./images//cpo.png> <./images//cpo-1.png>]
<./images//active2.png, id=141, 646.415pt x 315.1775pt>
File: ./images//active2.png Graphic file (type png)
<use ./images//active2.png>
Package pdftex.def Info: ./images//active2.png  used on input line 377.
(pdftex.def)             Requested size: 258.56142pt x 126.06876pt.
<./images//rev.png, id=142, 544.0325pt x 464.73625pt>
File: ./images//rev.png Graphic file (type png)
<use ./images//rev.png>
Package pdftex.def Info: ./images//rev.png  used on input line 383.
(pdftex.def)             Requested size: 215.0023pt x 183.66454pt.
<./images//rev2.png, id=143, 446.66875pt x 308.15125pt>
File: ./images//rev2.png Graphic file (type png)
<use ./images//rev2.png>
Package pdftex.def Info: ./images//rev2.png  used on input line 387.
(pdftex.def)             Requested size: 215.0023pt x 148.32939pt.

Overfull \hbox (2.43332pt too wide) in paragraph at lines 382--390
[]$[]$  $[]$ 
 []


Underfull \hbox (badness 10000) in paragraph at lines 379--390

 []

[21 <./images//active.png> <./images//active2.png>]
Underfull \hbox (badness 10000) in paragraph at lines 391--394

 []


Underfull \hbox (badness 10000) in paragraph at lines 391--394

 []

[22 <./images//rev.png> <./images//rev2.png>]
Underfull \hbox (badness 10000) in paragraph at lines 415--416

 []


Underfull \hbox (badness 10000) in paragraph at lines 423--431

 []


Underfull \hbox (badness 10000) in paragraph at lines 423--431

 []


Underfull \hbox (badness 10000) in paragraph at lines 423--431

 []

[23]
Underfull \hbox (badness 10000) in paragraph at lines 459--461

 []

[24]
Underfull \hbox (badness 10000) in paragraph at lines 497--500

 []

[25]
Underfull \hbox (badness 10000) in paragraph at lines 530--533

 []

[26] (./Crittografia.aux) ) 
Here is how much of TeX's memory you used:
 3857 strings out of 478994
 61838 string characters out of 5858184
 351467 words of memory out of 5000000
 21331 multiletter control sequences out of 15000+600000
 414130 words of font info for 68 fonts, out of 8000000 for 9000
 1141 hyphenation exceptions out of 8191
 68i,8n,74p,634b,449s stack positions out of 5000i,500n,10000p,200000b,80000s
{/usr/local/texlive/2021/texmf-dist/fonts/enc/dvips/
cm-super/cm-super-ts1.enc}</usr/local/texlive/2021/texmf-dist/fonts/type1/publi
c/amsfonts/cm/cmbx10.pfb></usr/local/texlive/2021/texmf-dist/fonts/type1/public
/amsfonts/cm/cmbx12.pfb></usr/local/texlive/2021/texmf-dist/fonts/type1/public/
amsfonts/cm/cmmi10.pfb></usr/local/texlive/2021/texmf-dist/fonts/type1/public/a
msfonts/cm/cmmi12.pfb></usr/local/texlive/2021/texmf-dist/fonts/type1/public/am
sfonts/cm/cmmi8.pfb></usr/local/texlive/2021/texmf-dist/fonts/type1/public/amsf
onts/cm/cmr10.pfb></usr/local/texlive/2021/texmf-dist/fonts/type1/public/amsfon
ts/cm/cmr12.pfb></usr/local/texlive/2021/texmf-dist/fonts/type1/public/amsfonts
/cm/cmr17.pfb></usr/local/texlive/2021/texmf-dist/fonts/type1/public/amsfonts/c
m/cmr6.pfb></usr/local/texlive/2021/texmf-dist/fonts/type1/public/amsfonts/cm/c
mr8.pfb></usr/local/texlive/2021/texmf-dist/fonts/type1/public/amsfonts/cm/cmsy
10.pfb></usr/local/texlive/2021/texmf-dist/fonts/type1/public/amsfonts/cm/cmsy6
.pfb></usr/local/texlive/2021/texmf-dist/fonts/type1/public/amsfonts/cm/cmsy8.p
fb></usr/local/texlive/2021/texmf-dist/fonts/type1/public/amsfonts/cm/cmti10.pf
b></usr/local/texlive/2021/texmf-dist/fonts/type1/public/cm-super/sfrm1095.pfb>

Output written on Crittografia.pdf (26 pages, 4929517 bytes).
PDF statistics:
 218 PDF objects out of 1000 (max. 8388607)
 106 compressed objects within 2 object streams
 0 named destinations out of 1000 (max. 500000)
 171 words of extra memory for PDF output out of 10000 (max. 10000000)

